0 verbose cli /opt/homebrew/Cellar/node/25.2.1/bin/node /opt/homebrew/bin/npm
1 info using npm@11.6.2
2 info using node@v25.2.1
3 silly config load:file:/opt/homebrew/lib/node_modules/npm/npmrc
4 silly config load:file:/Users/michaelryaboy/projects/13ft/.npmrc
5 silly config load:file:/Users/michaelryaboy/projects/13ft/~/.npmrc
6 silly config load:file:/opt/homebrew/etc/npmrc
7 verbose title npm run lint
8 verbose argv "run" "lint"
9 verbose logfile logs-max:10 dir:/Users/michaelryaboy/projects/13ft/~/.npm/_logs/2026-01-26T03_19_49_865Z-
10 verbose logfile /Users/michaelryaboy/projects/13ft/~/.npm/_logs/2026-01-26T03_19_49_865Z-debug-0.log
11 silly logfile done cleaning log files
12 http fetch GET 200 https://registry.npmjs.org/npm 898ms
13 verbose cwd /Users/michaelryaboy/projects/13ft
14 verbose os Darwin 25.1.0
15 verbose node v25.2.1
16 verbose npm  v11.6.2
17 notice
17 notice New minor version of npm available! 11.6.2 -> 11.8.0
17 notice Changelog: https://github.com/npm/cli/releases/tag/v11.8.0
17 notice To update run: npm install -g npm@11.8.0
17 notice  { force: true, Symbol(proc-log.meta): true }
18 verbose exit 0
19 info ok
